<?xml version="1.0" encoding="UTF-8"?>
<testng-results ignored="0" total="4" passed="4" failed="0" skipped="0">
  <reporter-output>
  </reporter-output>
  <suite started-at="2024-03-14T19:52:27 IST" name="All Test Suite" finished-at="2024-03-14T19:54:42 IST" duration-ms="135075">
    <groups>
    </groups>
    <test started-at="2024-03-14T19:52:27 IST" name="C:/Users/Sampat/IdeaProjects/Clone/Framework_Demo_28Nov_Varsha_Test" finished-at="2024-03-14T19:54:42 IST" duration-ms="135075">
      <class name="testcases.LoginTest">
        <test-method is-config="true" signature="preRequisite()[pri:0, instance:testcases.LoginTest@6e509ffa]" started-at="2024-03-14T19:52:27 IST" name="preRequisite" finished-at="2024-03-14T19:52:44 IST" duration-ms="16485" status="PASS">
          <reporter-output>
          </reporter-output>
        </test-method> <!-- preRequisite -->
        <test-method signature="verifyLoginWithValidUserNameAndValidPassword()[pri:0, instance:testcases.LoginTest@6e509ffa]" started-at="2024-03-14T19:52:44 IST" name="verifyLoginWithValidUserNameAndValidPassword" description="Verify Login With Valid UserName And ValidPassword" finished-at="2024-03-14T19:53:05 IST" duration-ms="21559" status="PASS">
          <reporter-output>
          </reporter-output>
        </test-method> <!-- verifyLoginWithValidUserNameAndValidPassword -->
        <test-method is-config="true" signature="tearDown()[pri:0, instance:testcases.LoginTest@6e509ffa]" started-at="2024-03-14T19:53:05 IST" name="tearDown" finished-at="2024-03-14T19:53:06 IST" duration-ms="1050" status="PASS">
          <reporter-output>
          </reporter-output>
        </test-method> <!-- tearDown -->
        <test-method is-config="true" signature="preRequisite()[pri:0, instance:testcases.LoginTest@6e509ffa]" started-at="2024-03-14T19:53:06 IST" name="preRequisite" finished-at="2024-03-14T19:53:22 IST" duration-ms="15548" status="PASS">
          <reporter-output>
          </reporter-output>
        </test-method> <!-- preRequisite -->
        <test-method signature="verifyLoginWithInvalidUserNameAndValidPassword()[pri:0, instance:testcases.LoginTest@6e509ffa]" started-at="2024-03-14T19:53:22 IST" name="verifyLoginWithInvalidUserNameAndValidPassword" description="Verify Login With Invalid UserName And ValidPassword" finished-at="2024-03-14T19:53:40 IST" duration-ms="18095" status="PASS">
          <reporter-output>
          </reporter-output>
        </test-method> <!-- verifyLoginWithInvalidUserNameAndValidPassword -->
        <test-method is-config="true" signature="tearDown()[pri:0, instance:testcases.LoginTest@6e509ffa]" started-at="2024-03-14T19:53:40 IST" name="tearDown" finished-at="2024-03-14T19:53:41 IST" duration-ms="1218" status="PASS">
          <reporter-output>
          </reporter-output>
        </test-method> <!-- tearDown -->
        <test-method is-config="true" signature="preRequisite()[pri:0, instance:testcases.LoginTest@6e509ffa]" started-at="2024-03-14T19:53:41 IST" name="preRequisite" finished-at="2024-03-14T19:53:56 IST" duration-ms="14391" status="PASS">
          <reporter-output>
          </reporter-output>
        </test-method> <!-- preRequisite -->
        <test-method signature="verifyLoginWithValidUserNameAndInvalidPassword()[pri:0, instance:testcases.LoginTest@6e509ffa]" started-at="2024-03-14T19:53:56 IST" name="verifyLoginWithValidUserNameAndInvalidPassword" description="Verify Login With Valid UserName And InvalidPassword" finished-at="2024-03-14T19:54:11 IST" duration-ms="15352" status="PASS">
          <reporter-output>
          </reporter-output>
        </test-method> <!-- verifyLoginWithValidUserNameAndInvalidPassword -->
        <test-method is-config="true" signature="tearDown()[pri:0, instance:testcases.LoginTest@6e509ffa]" started-at="2024-03-14T19:54:11 IST" name="tearDown" finished-at="2024-03-14T19:54:12 IST" duration-ms="1157" status="PASS">
          <reporter-output>
          </reporter-output>
        </test-method> <!-- tearDown -->
        <test-method is-config="true" signature="preRequisite()[pri:0, instance:testcases.LoginTest@6e509ffa]" started-at="2024-03-14T19:54:12 IST" name="preRequisite" finished-at="2024-03-14T19:54:25 IST" duration-ms="13150" status="PASS">
          <reporter-output>
          </reporter-output>
        </test-method> <!-- preRequisite -->
        <test-method signature="verifyLoginWithInvalidUserNameAndInvalidPassword()[pri:0, instance:testcases.LoginTest@6e509ffa]" started-at="2024-03-14T19:54:25 IST" name="verifyLoginWithInvalidUserNameAndInvalidPassword" description="Verify Login With Invalid UserName And InvalidPassword" finished-at="2024-03-14T19:54:41 IST" duration-ms="15727" status="PASS">
          <reporter-output>
          </reporter-output>
        </test-method> <!-- verifyLoginWithInvalidUserNameAndInvalidPassword -->
        <test-method is-config="true" signature="tearDown()[pri:0, instance:testcases.LoginTest@6e509ffa]" started-at="2024-03-14T19:54:41 IST" name="tearDown" finished-at="2024-03-14T19:54:42 IST" duration-ms="1141" status="PASS">
          <reporter-output>
          </reporter-output>
        </test-method> <!-- tearDown -->
      </class> <!-- testcases.LoginTest -->
    </test> <!-- C:/Users/Sampat/IdeaProjects/Clone/Framework_Demo_28Nov_Varsha_Test -->
  </suite> <!-- All Test Suite -->
</testng-results>
